23:11:21:662 - Navigate to Home
23:11:27:827 - Navigate to Project.Wordle
23:11:31:310 - Navigate to Project.Wordle
23:11:31:314 - Projects.Wordle - Retrieved Word crook
23:11:31:314 - Projects.Wordle - load wordleGuesses.json
23:11:31:322 - Projects.Wordle - Guesses: ['arose', 'broil', 'front', 'proud', 'crook']
23:11:31:322 - Projects.Wordle - load remaining.json
23:11:31:335 - Projects.Wordle - Creating plot for crook
23:11:31:761 - Projects.Wordle - Plot saved as static/images/remaining.png
23:11:42:513 - Navigate to Project.Wordle
23:11:47:142 - Navigate to Project.Wordle
23:11:47:143 - Projects.Wordle - Retrieved Word CROOK
23:11:47:144 - Projects.Wordle - load wordleGuesses.json
23:13:00:079 - Navigate to Project.Wordle
23:13:08:836 - Navigate to Project.Wordle
23:13:08:843 - Projects.Wordle - Retrieved Word crook
23:13:08:844 - Projects.Wordle - load wordleGuesses.json
23:13:08:850 - Projects.Wordle - Guesses: ['arose', 'broil', 'front', 'proud', 'crook']
23:13:08:851 - Projects.Wordle - load remaining.json
23:13:08:865 - Projects.Wordle - Creating plot for crook
23:13:09:272 - Projects.Wordle - Plot saved as static/images/remaining.png
23:13:18:948 - Navigate to Project.Wordle
23:13:21:704 - Navigate to Project.Wordle
23:13:21:709 - Projects.Wordle - Retrieved Word crook
23:13:21:711 - Projects.Wordle - load wordleGuesses.json
23:13:21:721 - Projects.Wordle - Guesses: ['arose', 'broil', 'front', 'proud', 'crook']
23:13:21:722 - Projects.Wordle - load remaining.json
23:13:21:741 - Projects.Wordle - Creating plot for crook
23:13:22:111 - Projects.Wordle - Plot saved as static/images/remaining.png
23:13:38:165 - Navigate to Project.Wordle
23:13:39:265 - Navigate to Home
23:13:40:048 - Navigate to About
23:13:43:192 - Navigate to Home
23:13:48:626 - Navigate to Matching
23:13:53:042 - Navigate to matching show match
23:13:56:243 - Navigate to matching show match
23:14:00:770 - Navigate to matching show match
23:19:47:777 - Navigate to matching show match
23:19:49:869 - Navigate to Matching
23:19:49:873 - Projects.Matching - got names input ['Jack', 'Lily', 'Hunter', 'Ava', 'Dyl', 'Connor']
23:19:49:875 - Project.Matching - Retrieving secret santa matches
23:20:04:079 - Navigate to matching show match
23:20:06:297 - Navigate to Matching
23:20:06:346 - Projects.Matching - got names input ['Jack', 'LIly']
23:20:06:384 - Project.Matching - Retrieving secret santa matches
23:20:10:259 - Navigate to Matching
23:21:25:808 - Navigate to Matching-Reset
23:21:25:864 - Navigate to Matching
23:21:59:823 - Navigate to Matching
23:21:59:873 - Projects.Matching - got names input ['Jack', 'Lily', 'Hunter', 'Ava', 'Dyl', 'Connor']
23:21:59:904 - Project.Matching - Retrieving secret santa matches
23:22:47:405 - Navigate to Matching
23:22:47:449 - Projects.Matching - got names input ['Ava', 'Dyl', 'Connor']
23:22:47:487 - Project.Matching - Retrieving secret santa matches
23:23:44:425 - Navigate to Matching
23:23:44:427 - Projects.Matching - got names input ['Ava', 'Dyl', 'Connor']
23:23:44:427 - Project.Matching - Retrieving secret santa matches
23:23:44:428 - Project.Matching - Retrieved matching
23:24:03:642 - Navigate to Matching
23:24:03:645 - Projects.Matching - got names input ['Jack', 'Lily', 'Hunter', 'Ava', 'Dyl', 'Connor']
23:24:03:646 - Project.Matching - Retrieving secret santa matches
23:24:03:647 - Project.Matching - Retrieved matching
23:24:16:429 - Navigate to Matching
23:26:01:259 - Navigate to Matching
23:26:04:795 - Navigate to Matching
23:26:11:156 - Navigate to Matching
23:26:14:245 - Navigate to Matching
23:26:17:286 - Navigate to Matching
23:26:34:953 - Navigate to Matching
23:26:38:502 - Navigate to Matching
23:27:03:620 - Navigate to Matching
23:27:13:846 - Navigate to Home
23:27:15:401 - Navigate to Project.Wordle
23:28:26:632 - Navigate to Project.Wordle
23:28:27:642 - Navigate to Home
23:28:29:881 - Navigate to Matching
23:28:33:338 - Navigate to Matching
23:30:15:614 - Navigate to Matching
23:30:21:846 - Navigate to Matching
23:30:21:847 - Projects.Matching - got names input ['Jack', 'Lily', 'Hunter', 'Ava', 'Dyl', 'Connor']
23:30:21:848 - Project.Matching - Retrieving secret santa matches
23:30:21:848 - Project.Matching - Retrieved matching
23:30:26:991 - Navigate to Matching
23:30:30:288 - Navigate to Matching
23:31:52:938 - Navigate to Home
23:31:56:176 - Navigate to Matching
23:32:59:862 - Navigate to Matching
23:33:04:277 - Navigate to Matching
23:33:04:281 - Projects.Matching - got names input ['Jack', 'Lily', 'Hunter', 'Ava', 'Dyl', 'Connor']
23:33:04:282 - Project.Matching - Retrieving secret santa matches
23:33:04:283 - Project.Matching - Retrieved matching
23:33:08:476 - Navigate to Matching
23:33:12:915 - Navigate to Matching
23:33:18:812 - Navigate to Matching-Reset
23:33:18:820 - Navigate to Matching
23:35:16:982 - Navigate to Home
23:35:23:249 - Navigate to Project.Wordle
23:35:27:158 - Navigate to Matching
23:36:08:574 - Navigate to Matching
23:36:08:576 - Projects.Matching - got names input ['Paige', 'Grace', 'Jack', 'Abby', 'Maddie', 'Bella', 'Anna']
23:36:08:576 - Project.Matching - Retrieving secret santa matches
23:36:08:579 - Project.Matching - Retrieved matching
23:36:13:622 - Navigate to Matching
23:36:18:513 - Navigate to Matching
23:42:14:181 - Navigate to Matching
23:42:59:678 - Navigate to Matching
23:43:02:284 - Navigate to Matching
23:44:41:961 - Navigate to Matching
23:44:44:512 - Navigate to Matching
23:46:15:055 - Navigate to Matching
23:46:17:108 - Navigate to Matching
23:46:17:111 - Projects.Matching - got names input ['Paige', 'Grace', 'Jack', 'Abby', 'Maddie', 'Bella', 'Anna']
23:46:17:112 - Project.Matching - Retrieving secret santa matches
23:46:17:112 - Project.Matching - Retrieved matching
23:46:21:395 - Navigate to Matching
23:49:16:226 - Navigate to Matching
23:49:23:387 - Navigate to Matching
23:49:23:389 - Projects.Matching - got names input ['Paige']
23:49:25:097 - Navigate to Matching
23:49:25:100 - Projects.Matching - got names input ['Paige']
23:49:26:020 - Navigate to Matching
23:49:26:022 - Projects.Matching - got names input ['Paige']
23:49:41:228 - Navigate to Matching
23:49:41:231 - Projects.Matching - got names input ['Paige', 'Grace', 'Jack', 'Abby', 'Maddie', 'Bella', 'Anna']
23:49:41:231 - Project.Matching - Retrieving secret santa matches
23:50:08:326 - Navigate to Matching
23:50:08:365 - Projects.Matching - got names input ['Paige']
23:50:12:814 - Navigate to Matching
23:50:12:847 - Projects.Matching - got names input ['Paige', 'Grace', 'Jack', 'Abby', 'Maddie', 'Bella', 'Anna']
23:50:12:878 - Project.Matching - Retrieving secret santa matches
23:50:12:916 - Project.Matching - Retrieved matching
23:50:21:380 - Navigate to Matching
23:56:28:207 - Navigate to Matching
23:56:31:128 - Navigate to Matching
23:56:31:173 - Projects.Matching - got names input ['Paige', 'Grace', 'Jack', 'Abby', 'Maddie', 'Bella', 'Anna']
23:56:31:218 - Project.Matching - Retrieving secret santa matches
23:56:31:243 - Project.Matching - Retrieved matching
23:56:39:675 - Navigate to Matching
23:59:57:916 - Navigate to Matching
