09:31:27:754 - Navigate to Home
09:31:28:604 - Navigate to Home
09:31:29:228 - Navigate to About
09:31:29:778 - Navigate to Beyond The Code
09:31:29:848 - Fetching beyondTheCode photos...
09:31:40:155 - Navigate to Beyond The Code
09:31:40:213 - Fetching beyondTheCode photos...
09:31:41:092 - Navigate to About
09:31:41:891 - Navigate to Home
09:31:42:460 - Navigate to Home
09:32:11:569 - Navigate to AI Innovations Portal
09:46:34:620 - Navigate to Home
09:46:35:606 - Navigate to Home
09:46:36:603 - Navigate to About
09:46:37:725 - Navigate to Home
09:48:57:215 - Navigate to Home
09:49:11:414 - Navigate to Project.Wordle
09:49:12:894 - Navigate to Home
09:49:21:356 - Navigate to Home
09:49:22:253 - Navigate to About
09:49:34:190 - Navigate to Beyond The Code
09:49:34:266 - Fetching beyondTheCode photos...
09:49:34:940 - Navigate to About
09:49:35:773 - Navigate to Home
09:49:39:996 - Navigate to Matching
09:49:45:230 - Navigate to Home
09:49:50:697 - Navigate to Beyond The Code
09:49:50:771 - Fetching beyondTheCode photos...
09:52:18:522 - Navigate to Beyond The Code
09:52:18:677 - Fetching beyondTheCode photos...
09:52:54:257 - Navigate to Beyond The Code
09:52:54:781 - Fetching beyondTheCode photos...
09:53:29:996 - Navigate to Beyond The Code
09:53:30:556 - Fetching beyondTheCode photos...
09:55:31:593 - Navigate to Beyond The Code
09:55:31:749 - Fetching beyondTheCode photos...
09:55:32:244 - Navigate to About
09:55:33:051 - Navigate to Home
09:55:39:431 - Navigate to Home
09:55:51:801 - Navigate to Home
09:55:53:658 - Navigate to Home
09:55:54:362 - Navigate to About
09:55:54:943 - Navigate to Beyond The Code
09:55:55:006 - Fetching beyondTheCode photos...
09:55:56:269 - Navigate to Home
09:55:57:940 - Navigate to Home
09:55:59:276 - Navigate to Project.Wordle
09:56:00:350 - Navigate to Home
09:56:02:109 - Navigate to Home
09:56:05:078 - Navigate to Home
09:56:06:597 - Navigate to Matching
09:56:07:825 - Navigate to Home
09:56:35:878 - Navigate to Beyond The Code
09:56:35:956 - Fetching beyondTheCode photos...
09:57:02:643 - Navigate to Beyond The Code
09:57:02:696 - Fetching beyondTheCode photos...
09:57:23:022 - Navigate to Beyond The Code
09:57:23:082 - Fetching beyondTheCode photos...
09:59:10:659 - Navigate to Beyond The Code
09:59:10:772 - Fetching beyondTheCode photos...
09:59:55:051 - Navigate to Beyond The Code
09:59:55:167 - Fetching beyondTheCode photos...
10:00:25:597 - Navigate to Beyond The Code
10:00:25:713 - Fetching beyondTheCode photos...
10:00:30:751 - Navigate to About
10:00:31:682 - Navigate to Home
10:00:32:411 - Navigate to Home
10:00:35:154 - Navigate to Project.Wordle
10:00:36:433 - Navigate to Home
10:00:38:179 - Navigate to Home
10:00:39:947 - Navigate to Home
10:00:41:310 - Navigate to Matching
10:01:05:950 - Navigate to Matching
10:01:34:266 - Navigate to Matching
10:01:34:846 - Navigate to Matching
10:01:40:040 - Navigate to Home
10:01:42:477 - Navigate to AI Innovations Portal
10:01:44:690 - Navigate to Home
10:03:33:153 - Navigate to Home
10:03:45:332 - Navigate to Home
10:03:48:985 - Navigate to About
10:03:49:737 - Navigate to Beyond The Code
10:03:49:815 - Fetching beyondTheCode photos...
10:03:59:084 - Navigate to About
10:03:59:877 - Navigate to Home
10:04:00:398 - Navigate to Beyond The Code
10:04:00:469 - Fetching beyondTheCode photos...
10:04:19:488 - Navigate to Home
10:04:20:555 - Navigate to Project.Wordle
10:04:21:948 - Navigate to Home
10:04:24:379 - Navigate to Home
10:04:26:631 - Navigate to Home
10:04:27:904 - Navigate to Matching
10:04:28:853 - Navigate to Home
10:04:34:171 - Navigate to Home
10:04:38:732 - Navigate to Home
10:04:55:795 - Navigate to Home
10:05:34:528 - Navigate to Home
10:08:42:782 - Navigate to Home
10:08:47:053 - Navigate to About
10:08:48:019 - Navigate to Home
10:10:19:819 - Navigate to Home
10:10:21:441 - Navigate to Home
10:11:35:899 - Navigate to Home
