13:47:36:824 - Navigate to Home
13:52:21:841 - Navigate to Matching
13:52:23:145 - Navigate to Matching
13:53:22:143 - Navigate to Matching
13:53:22:149 - Project.Matching - Got Secret Santa Input - Jack, 
13:54:12:550 - Navigate to Matching
13:54:12:552 - Project.Matching - Got Secret Santa Input - Jack, 
13:54:18:770 - Navigate to Matching
13:54:18:773 - Project.Matching - Got Secret Santa Input - Jack, Lily
13:54:27:382 - Navigate to Matching-Rest
13:54:38:256 - Navigate to Matching-Clear
13:55:03:400 - Navigate to Matching
13:55:03:402 - Project.Matching - Got Secret Santa Input - Jack,Lily
13:55:22:930 - Navigate to Matching
13:55:22:933 - Project.Matching - Got Secret Santa Input - Jack,Lily,Hunter,Ava,Dyl,Connor
13:55:50:221 - Navigate to Matching-Clear
13:56:22:892 - Navigate to Matching-Clear
13:57:02:414 - Navigate to Matching-Clear
13:57:02:424 - Navigate to Matching
13:57:05:151 - Navigate to Matching
13:57:05:157 - Project.Matching - Got Secret Santa Input - Jack,LIly
13:57:06:810 - Navigate to Matching-Clear
13:57:06:819 - Navigate to Matching
13:57:09:042 - Navigate to Matching
13:57:09:044 - Project.Matching - Got Secret Santa Input - 
13:57:10:585 - Navigate to Matching
13:57:10:589 - Project.Matching - Got Secret Santa Input - Jack,LIly
13:57:11:727 - Navigate to Matching-Rest
13:57:11:738 - Navigate to Matching
13:57:22:624 - Navigate to Matching
13:57:22:626 - Project.Matching - Got Secret Santa Input - 
13:57:26:368 - Navigate to Matching
13:57:26:372 - Project.Matching - Got Secret Santa Input - Jack,LIly
13:59:36:535 - Navigate to Matching
13:59:36:540 - Project.Matching - Got Secret Santa Input - Jack,LIly
14:02:09:894 - Navigate to matching
14:02:13:102 - Navigate to matching show match
14:03:48:128 - Navigate to Matching
14:03:48:135 - Projects.Matching - got names input ['Jack', 'LIly', '']
14:03:48:136 - Project.Matching - Retrieving secret santa matches
14:03:56:601 - Navigate to Matching
14:03:56:644 - Projects.Matching - got names input ['Jack', 'LIly', '']
14:03:56:669 - Project.Matching - Retrieving secret santa matches
14:03:59:358 - Navigate to Matching-Rest
14:03:59:426 - Navigate to Matching
14:04:02:799 - Navigate to Matching
14:04:02:873 - Projects.Matching - got names input ['Jack', 'Lily', 'Hunter', 'Ava', 'Dyl', 'Connor']
14:04:02:940 - Project.Matching - Retrieving secret santa matches
14:04:05:829 - Navigate to matching show match
14:07:09:240 - Navigate to matching show match
14:07:11:054 - Navigate to Matching
14:07:14:524 - Navigate to Matching
14:07:14:598 - Projects.Matching - got names input ['Jack', 'Lily', 'Hunter', 'Ava', 'Dyl', 'Connor']
14:07:14:659 - Project.Matching - Retrieving secret santa matches
14:07:17:986 - Navigate to matching show match
14:07:25:422 - Navigate to Matching-Rest
14:07:25:523 - Navigate to Matching
14:07:27:608 - Navigate to Matching
14:07:31:263 - Navigate to Matching
14:07:31:325 - Projects.Matching - got names input ['Jack', 'Lily', 'Hunter', 'Ava', 'Dyl', 'Connor']
14:07:31:406 - Project.Matching - Retrieving secret santa matches
14:07:32:422 - Navigate to matching show match
14:07:41:409 - Navigate to Matching-Clear
14:07:41:510 - Navigate to Matching
14:07:46:215 - Navigate to Matching
14:07:46:306 - Projects.Matching - got names input ['Jack', 'Lily', 'Hunter', 'Ava', 'Dyl', 'Connor']
14:07:46:363 - Project.Matching - Retrieving secret santa matches
14:07:54:376 - Navigate to Matching
14:07:54:563 - Projects.Matching - got names input ['Jack', 'Lily', 'Hunter', 'Ava', 'Dyl', 'Connor']
14:07:54:738 - Project.Matching - Retrieving secret santa matches
14:20:20:763 - Navigate to Matching
14:20:20:772 - Projects.Matching - got names input ['Jack', 'Lily', 'Hunter', 'Ava', 'Dyl', 'Connor']
14:20:20:773 - Project.Matching - Retrieving secret santa matches
14:20:23:051 - Navigate to Matching
14:21:25:007 - Navigate to Home
14:21:27:756 - Navigate to Matching
14:21:29:914 - Navigate to Matching
14:21:29:921 - Projects.Matching - got names input ['Jack', 'Lily', 'Hunter', 'Ava', 'Dyl', 'Connor']
14:21:29:923 - Project.Matching - Retrieving secret santa matches
14:21:32:346 - Navigate to matching show match
14:21:37:919 - Navigate to matching show match
14:21:42:929 - Navigate to matching show match
14:21:44:188 - Navigate to Matching-Clear
14:21:44:203 - Navigate to Matching
14:21:45:870 - Navigate to Matching
14:21:49:467 - Navigate to Matching
14:21:49:470 - Projects.Matching - got names input ['Jack', 'Lily', 'Hunter', 'Ava', 'Dyl', 'Connor']
14:21:49:473 - Project.Matching - Retrieving secret santa matches
14:21:52:121 - Navigate to Matching-Reset
14:21:52:130 - Navigate to Matching
14:21:53:021 - Navigate to Matching
14:21:57:213 - Navigate to Matching
14:21:57:216 - Projects.Matching - got names input ['Jack', 'Lily', 'Hunter', 'Ava', 'Dyl', 'Connor']
14:21:57:217 - Project.Matching - Retrieving secret santa matches
14:22:42:900 - Navigate to Matching
14:22:42:908 - Projects.Matching - got names input ['Jack', 'Lily', 'Hunter', 'Ava', 'Dyl', 'Connor']
14:22:42:918 - Project.Matching - Retrieving secret santa matches
14:22:59:608 - Navigate to Matching
14:22:59:613 - Projects.Matching - got names input ['Jack', 'Lily', 'Hunter', 'Ava', 'Dyl', 'Connor']
14:22:59:614 - Project.Matching - Retrieving secret santa matches
14:24:32:720 - Navigate to Matching
14:24:32:724 - Projects.Matching - got names input ['Jack', 'Lily', 'Hunter', 'Ava', 'Dyl', 'Connor']
14:24:32:725 - Project.Matching - Retrieving secret santa matches
14:24:50:850 - Navigate to Matching
14:24:50:853 - Projects.Matching - got names input ['Jack', 'Lily', 'Hunter', 'Ava', 'Dyl', 'Connor']
14:24:50:854 - Project.Matching - Retrieving secret santa matches
14:24:55:655 - Navigate to Matching
14:24:55:712 - Projects.Matching - got names input ['Jack', 'Lily', 'Hunter', 'Ava', 'Dyl', 'Connor']
14:24:55:737 - Project.Matching - Retrieving secret santa matches
14:25:06:014 - Navigate to Matching
14:25:06:040 - Projects.Matching - got names input ['Jack', 'Lily', 'Hunter', 'Ava', 'Dyl', 'Connor']
14:25:06:072 - Project.Matching - Retrieving secret santa matches
14:25:14:804 - Navigate to Matching
14:25:14:855 - Projects.Matching - got names input ['Jack', 'Lily', 'Hunter', 'Ava', 'Dyl', 'Connor']
14:25:14:881 - Project.Matching - Retrieving secret santa matches
14:27:27:708 - Navigate to Matching
14:27:27:714 - Projects.Matching - got names input ['Jack', 'Lily', 'Hunter', 'Ava', 'Dyl', 'Connor']
14:27:27:714 - Project.Matching - Retrieving secret santa matches
14:28:19:050 - Navigate to Matching
14:28:19:053 - Projects.Matching - got names input ['Jack', 'Lily', 'Hunter', 'Ava', 'Dyl', 'Connor']
14:28:19:054 - Project.Matching - Retrieving secret santa matches
14:28:26:154 - Navigate to matching show match
14:28:29:725 - Navigate to matching show match
14:29:27:412 - Navigate to matching show match
14:29:31:773 - Navigate to matching show match
14:32:13:730 - Navigate to matching show match
