00:01:43:617 - Navigate to Matching
00:01:43:668 - Projects.Matching - got names input ['Jack']
00:02:09:114 - Navigate to Matching
00:02:09:140 - Projects.Matching - got names input ['Jack', 'Jack']
00:02:13:485 - Navigate to Matching
00:02:13:536 - Projects.Matching - got names input ['Jack', 'JackV']
00:02:13:555 - Project.Matching - Retrieving secret santa matches
00:02:13:580 - Project.Matching - Retrieved matching
00:02:56:455 - Navigate to Matching
00:05:21:167 - Navigate to Matching
00:06:26:041 - Navigate to Matching
00:08:19:089 - Navigate to Matching
00:09:15:694 - Navigate to Matching
00:09:17:808 - Navigate to Matching
00:13:15:423 - Navigate to Matching
00:13:17:646 - Navigate to Matching
00:13:20:220 - Navigate to Home
00:13:39:301 - Navigate to Matching
00:13:45:853 - Navigate to Matching-Reset
00:13:45:904 - Navigate to Matching
00:13:48:885 - Navigate to Matching
00:13:48:929 - Projects.Matching - got names input ['Jack', 'JackV']
00:13:48:959 - Project.Matching - Retrieving secret santa matches
00:13:49:009 - Project.Matching - Retrieved matching
00:13:52:416 - Navigate to Matching
00:15:48:212 - Navigate to Matching
00:16:22:708 - Navigate to Matching
00:16:27:545 - Navigate to Home
00:16:33:469 - Navigate to Matching
00:16:38:441 - Navigate to Matching
00:16:38:466 - Projects.Matching - got names input ['Jack', 'Jack']
00:17:00:500 - Navigate to Matching-Reset
00:17:00:557 - Navigate to Matching
00:17:03:077 - Navigate to Matching
00:17:03:115 - Projects.Matching - got names input ['Jack', 'Jack']
00:18:52:849 - Navigate to Matching
00:18:52:893 - Projects.Matching - got names input ['Jack', 'JackV']
00:18:52:912 - Project.Matching - Retrieving secret santa matches
00:18:52:937 - Project.Matching - Retrieved matching
00:20:10:700 - Navigate to Matching
00:20:10:782 - Projects.Matching - got names input ['Jack', 'JackV']
00:20:10:782 - Project.Matching - Retrieving secret santa matches
00:20:10:807 - Project.Matching - Retrieved matching
00:20:13:694 - Navigate to Matching
00:24:49:653 - Navigate to Matching
00:24:59:360 - Navigate to Matching
00:24:59:410 - Projects.Matching - got names input ['Jack']
12:47:30:636 - Navigate to Home
12:47:34:040 - Navigate to Matching
12:47:44:109 - Navigate to Home
12:47:45:892 - Navigate to Matching
12:48:05:454 - Navigate to Matching
12:48:05:498 - Projects.Matching - got names input ['Jack', 'Lily', 'Other Names', 'Arose']
12:48:05:523 - Project.Matching - Retrieving secret santa matches
12:48:05:563 - Project.Matching - Retrieved matching
12:48:07:644 - Navigate to Matching
12:48:07:670 - Projects.Matching - got names input ['Jack', 'Lily', 'Other Names', 'Arose']
12:48:07:714 - Project.Matching - Retrieving secret santa matches
12:48:13:220 - Navigate to Matching-Reset
12:48:13:308 - Navigate to Matching
12:48:15:893 - Navigate to Matching
12:48:15:975 - Projects.Matching - got names input ['Jack', 'Lily', 'Other Names', 'Arose']
12:48:16:025 - Project.Matching - Retrieving secret santa matches
12:48:48:298 - Navigate to Matching
12:48:50:889 - Navigate to Matching
12:48:51:008 - Projects.Matching - got names input ['Jack', 'Lily', 'Other Names', 'Arose']
12:48:51:096 - Project.Matching - Retrieving secret santa matches
12:48:51:209 - Project.Matching - Retrieved matching
12:48:56:532 - Navigate to Matching
12:49:12:775 - Navigate to Matching
12:49:19:265 - Navigate to Matching
12:50:11:899 - Navigate to Matching
12:50:11:961 - Projects.Matching - got names input ['Jack']
12:50:41:805 - Navigate to Matching
12:50:41:856 - Projects.Matching - got names input ['Jack', 'Lily', 'Other Names', 'Arose']
12:50:41:975 - Project.Matching - Retrieving secret santa matches
12:50:42:106 - Project.Matching - Retrieved matching
12:50:46:093 - Navigate to Matching
12:51:24:711 - Navigate to Matching
12:51:26:103 - Navigate to Matching
12:51:26:248 - Projects.Matching - got names input ['Jack', 'Lily', 'Other Names', 'Arose']
12:51:26:348 - Project.Matching - Retrieving secret santa matches
12:51:26:487 - Project.Matching - Retrieved matching
12:51:30:084 - Navigate to Matching
12:52:36:705 - Navigate to Matching
12:52:38:390 - Navigate to Matching
12:52:38:552 - Projects.Matching - got names input ['Jack', 'Lily', 'Other Names', 'Arose']
12:52:38:653 - Project.Matching - Retrieving secret santa matches
12:52:38:728 - Project.Matching - Retrieved matching
12:52:41:333 - Navigate to Matching-Reset
12:52:41:484 - Navigate to Matching
12:52:43:682 - Navigate to Matching
12:52:43:824 - Projects.Matching - got names input ['Jack', 'Lily', 'Other Names', 'Arose']
12:52:43:943 - Project.Matching - Retrieving secret santa matches
12:52:44:038 - Project.Matching - Retrieved matching
12:52:47:221 - Navigate to Matching
