00:00:48:053 - Navigate to Meet Jack
00:02:15:590 - Navigate to Meet Jack
00:03:24:461 - Navigate to Meet Jack
00:06:26:097 - Navigate to Meet Jack
00:11:56:875 - Navigate to Meet Jack
00:12:45:302 - Navigate to Meet Jack
00:22:47:773 - Navigate to Home
00:22:48:473 - Navigate to About
00:22:49:195 - Navigate to Meet Jack
00:25:17:700 - Navigate to Meet Jack
00:25:33:380 - Navigate to Meet Jack
00:27:42:994 - Navigate to Meet Jack
00:27:43:107 - Fetching meetJack photos...
00:28:03:682 - Navigate to Meet Jack
00:28:03:789 - Fetching meetJack photos...
00:28:24:297 - Navigate to Meet Jack
00:28:24:407 - Fetching meetJack photos...
00:28:59:569 - Navigate to Meet Jack
00:28:59:680 - Fetching meetJack photos...
00:31:08:943 - Navigate to About
00:31:10:952 - Navigate to Meet Jack
00:31:11:038 - Fetching meetJack photos...
00:37:04:714 - Navigate to Meet Jack
00:37:04:881 - Fetching meetJack photos...
00:56:03:174 - Navigate to Meet Jack
00:56:03:297 - Fetching meetJack photos...
00:56:11:345 - Navigate to Home
00:56:14:113 - Navigate to Home
00:56:16:699 - Navigate to About
00:56:18:427 - Navigate to Meet Jack
00:56:18:524 - Fetching meetJack photos...
00:59:42:642 - Navigate to Meet Jack
00:59:42:725 - Fetching meetJack photos...
00:59:45:731 - Navigate to Home
01:00:03:177 - Navigate to Matching
