13:55:28:057 - Navigate to Project.Wordle
13:55:31:810 - Navigate to Project.Wordle
13:55:31:817 - Projects.Wordle - Retrieved Word bread
13:55:31:818 - Projects.Wordle - load wordleGuesses.json
13:55:31:826 - Projects.Wordle - Guesses: ['arose', 'tread', 'bread']
13:55:31:827 - Projects.Wordle - load remaining json
13:55:31:840 - Projects.Wordle - Creating plot for bread
13:55:32:238 - Projects.Wordle - Plot saved as static/images/remaining.png
13:57:11:903 - Navigate to Project.Wordle
13:57:13:420 - Navigate to Home
13:57:20:132 - Navigate to Project.Wordle
13:57:22:323 - Navigate to Home
14:08:37:297 - Navigate to Home
17:55:58:767 - Navigate to Home
17:56:14:425 - Navigate to Home
17:56:15:302 - Navigate to Home
17:56:16:967 - Navigate to About
17:56:41:410 - Navigate to Home
17:57:53:979 - Navigate to Project.Wordle
17:58:14:950 - Navigate to Project.Wordle
17:58:14:955 - Projects.Wordle - Retrieved Word steep
17:58:14:956 - Projects.Wordle - load wordleGuesses.json
17:58:14:963 - Projects.Wordle - Guesses: ['arose', 'tiles', 'unset', 'steed', 'steep']
17:58:14:964 - Projects.Wordle - load remaining.json
17:58:14:976 - Projects.Wordle - Creating plot for steep
17:58:15:417 - Projects.Wordle - Plot saved as static/images/remaining.png
17:58:18:258 - Navigate to Project.Wordle
17:58:23:475 - Navigate to Project.Wordle
17:58:23:477 - Projects.Wordle - Retrieved Word steep
17:58:23:477 - Projects.Wordle - load wordleGuesses.json
17:58:23:488 - Projects.Wordle - Guesses: ['arose', 'tiles', 'unset', 'steed', 'steep']
17:58:23:489 - Projects.Wordle - load remaining.json
17:58:23:506 - Projects.Wordle - Creating plot for steep
17:58:23:872 - Projects.Wordle - Plot saved as static/images/remaining.png
17:58:40:440 - Navigate to Project.Wordle
17:58:49:625 - Navigate to Project.Wordle
17:58:49:628 - Projects.Wordle - Retrieved Word barfs
17:58:49:629 - Projects.Wordle - load wordleGuesses.json
17:58:49:636 - Projects.Wordle - Guesses: ['arose', 'rails', 'tarns', 'cards', 'harps', 'barms', 'barks', 'barfs']
17:58:49:637 - Projects.Wordle - load remaining.json
17:58:49:654 - Projects.Wordle - Creating plot for barfs
17:58:50:041 - Projects.Wordle - Plot saved as static/images/remaining.png
17:59:02:392 - Navigate to Project.Wordle
17:59:04:667 - Navigate to Project.Wordle
17:59:04:669 - Projects.Wordle - Retrieved Word arose
17:59:04:670 - Projects.Wordle - load wordleGuesses.json
17:59:04:677 - Projects.Wordle - Guesses: ['arose']
17:59:04:678 - Projects.Wordle - load remaining.json
17:59:04:737 - Projects.Wordle - Creating plot for arose
17:59:05:058 - Projects.Wordle - Plot saved as static/images/remaining.png
17:59:17:391 - Navigate to Home
17:59:55:993 - Navigate to About
17:59:57:798 - Navigate to Home
17:59:59:760 - Navigate to About
18:00:00:718 - Navigate to Home
18:00:03:258 - Navigate to Home
18:00:03:788 - Navigate to Home
18:00:59:375 - Navigate to About
