20:47:26:188 - Navigate to Home
20:47:33:508 - Navigate to Matching
20:47:37:407 - Navigate to Matching
20:48:41:115 - Navigate to Matching
20:48:42:572 - Navigate to Matching
20:48:44:313 - Navigate to Matching
20:48:46:193 - Navigate to Matching
20:48:57:973 - Navigate to Matching
20:51:36:097 - Navigate to Matching
20:51:37:434 - Navigate to Matching
20:51:39:886 - Navigate to Matching
20:51:41:619 - Navigate to Matching
20:54:47:760 - Navigate to Matching
20:54:48:867 - Navigate to Matching
20:55:16:856 - Navigate to Matching
20:55:19:627 - Navigate to Matching
20:57:08:297 - Navigate to Matching
20:57:13:970 - Navigate to Matching
20:57:16:354 - Navigate to Matching
21:04:22:028 - Navigate to Matching
21:04:23:870 - Navigate to Matching
21:04:29:692 - Navigate to Matching-Reset
21:04:29:704 - Navigate to Matching
21:04:31:875 - Navigate to Matching
21:04:31:879 - Projects.Matching - got names input ['Paige', 'Grace', 'Jack', 'Abby', 'Maddie', 'Bella', 'Anna']
21:04:31:880 - Project.Matching - Retrieving secret santa matches
21:04:31:880 - Project.Matching - Retrieved matching
21:04:34:629 - Navigate to Matching
21:04:36:223 - Navigate to Matching
21:05:58:139 - Navigate to Matching
21:06:07:192 - Navigate to Matching
21:06:17:408 - Navigate to Matching
21:06:17:411 - Projects.Matching - got names input ['Paige', 'Grace', 'Jack', 'Abby', 'Maddie', 'Bella', 'Anna']
21:06:17:411 - Project.Matching - Retrieving secret santa matches
21:06:17:412 - Project.Matching - Retrieved matching
21:10:42:016 - Navigate to Matching-Reset
21:10:42:025 - Navigate to Matching
21:11:47:506 - Navigate to Matching
21:11:47:509 - Projects.Matching - got names input ['Paige', 'Grace', 'Jack', 'Abby', 'Maddie', 'Bella', 'Anna']
21:11:47:510 - Project.Matching - Retrieving secret santa matches
21:11:47:511 - Project.Matching - Retrieved matching
21:15:55:780 - Navigate to Matching
21:15:55:783 - Projects.Matching - got names input ['Paige', 'Grace', 'Jack', 'Abby', 'Maddie', 'Bella', 'Anna']
21:15:55:784 - Project.Matching - Retrieving secret santa matches
21:16:09:857 - Navigate to Matching
21:16:09:913 - Projects.Matching - got names input ['Paige', 'Grace', 'Jack', 'Abby', 'Maddie', 'Bella', 'Anna']
21:16:09:938 - Project.Matching - Retrieving secret santa matches
21:16:09:963 - Project.Matching - Retrieved matching
21:16:12:986 - Navigate to Matching
21:16:13:040 - Projects.Matching - got names input ['Paige', 'Grace', 'Jack', 'Abby', 'Maddie', 'Bella', 'Anna']
21:16:13:053 - Project.Matching - Retrieving secret santa matches
21:16:13:090 - Project.Matching - Retrieved matching
21:16:13:970 - Navigate to Matching
21:16:14:002 - Projects.Matching - got names input ['Paige', 'Grace', 'Jack', 'Abby', 'Maddie', 'Bella', 'Anna']
21:16:14:034 - Project.Matching - Retrieving secret santa matches
21:16:14:059 - Project.Matching - Retrieved matching
21:16:16:901 - Navigate to Matching
21:16:16:938 - Projects.Matching - got names input ['Paige', 'Grace', 'Jack', 'Abby', 'Maddie', 'Bella', 'Anna']
21:16:16:963 - Project.Matching - Retrieving secret santa matches
21:16:16:995 - Project.Matching - Retrieved matching
21:16:20:618 - Navigate to Matching-Reset
21:16:20:670 - Navigate to Matching
21:16:23:663 - Navigate to Matching
21:16:23:688 - Projects.Matching - got names input ['Paige', 'Grace', 'Jack', 'Abby', 'Maddie', 'Bella', 'Anna']
21:16:23:713 - Project.Matching - Retrieving secret santa matches
21:16:23:738 - Project.Matching - Retrieved matching
21:18:58:649 - Navigate to Matching
21:18:58:694 - Projects.Matching - got names input ['Paige', 'Grace', 'Jack', 'Abby', 'Maddie', 'Bella', 'Anna']
21:18:58:719 - Project.Matching - Retrieving secret santa matches
21:18:58:738 - Project.Matching - Retrieved matching
21:22:13:178 - Navigate to Matching
21:22:18:659 - Navigate to Matching
21:22:21:166 - Navigate to Matching
21:22:42:388 - Navigate to Matching
21:24:03:510 - Navigate to Matching
21:24:04:379 - Navigate to Matching
21:24:05:349 - Navigate to Matching
21:24:38:366 - Navigate to Matching
21:24:40:431 - Navigate to Matching
21:24:41:342 - Navigate to Matching
21:24:42:564 - Navigate to Matching
21:25:12:489 - Navigate to Matching
21:25:13:498 - Navigate to Matching
21:25:14:485 - Navigate to Matching
21:25:15:227 - Navigate to Matching
21:25:15:958 - Navigate to Matching
21:25:16:747 - Navigate to Matching
21:30:22:952 - Navigate to Matching
21:30:28:665 - Navigate to Matching
21:35:51:555 - Navigate to Matching
21:35:52:906 - Navigate to Matching
21:36:29:955 - Navigate to Matching
21:36:31:172 - Navigate to Matching
21:36:32:870 - Navigate to Matching
21:36:34:752 - Navigate to Matching
21:36:38:127 - Navigate to Matching
21:36:40:003 - Navigate to Matching
21:39:46:501 - Navigate to Matching
21:39:47:976 - Navigate to Matching
21:39:50:013 - Navigate to Matching
21:41:16:871 - Navigate to Matching
21:41:18:566 - Navigate to Matching
21:41:20:426 - Navigate to Matching
21:41:24:054 - Navigate to Matching
21:41:24:819 - Navigate to Matching
21:41:24:876 - Projects.Matching - got names input ['Paige', 'Grace', 'Jack', 'Abby', 'Maddie', 'Bella', 'Anna']
21:41:24:902 - Project.Matching - Retrieving secret santa matches
21:41:24:939 - Project.Matching - Retrieved matching
21:41:26:405 - Navigate to Matching
21:41:28:902 - Navigate to Matching
21:41:30:402 - Navigate to Matching
21:41:32:137 - Navigate to Matching
21:41:58:920 - Navigate to Matching
21:42:00:502 - Navigate to Matching
21:42:00:540 - Projects.Matching - got names input ['Paige', 'Grace', 'Jack', 'Abby', 'Maddie', 'Bella', 'Anna']
21:42:00:564 - Project.Matching - Retrieving secret santa matches
21:42:00:602 - Project.Matching - Retrieved matching
21:42:06:366 - Navigate to Matching-Reset
21:42:06:406 - Navigate to Matching
21:42:08:309 - Navigate to Matching
21:42:08:360 - Projects.Matching - got names input ['Paige', 'Grace', 'Jack', 'Abby', 'Maddie', 'Bella', 'Anna']
21:42:08:379 - Project.Matching - Retrieving secret santa matches
21:42:08:417 - Project.Matching - Retrieved matching
21:42:11:163 - Navigate to Matching
21:49:23:156 - Navigate to Matching
21:49:24:513 - Navigate to Matching
21:49:26:430 - Navigate to Matching
21:49:32:133 - Navigate to Matching
21:49:33:800 - Navigate to Matching
21:49:37:115 - Navigate to Matching
21:49:38:430 - Navigate to Matching
21:50:15:931 - Navigate to Matching
21:50:17:254 - Navigate to Matching
21:52:55:011 - Navigate to Matching
21:52:56:165 - Navigate to Matching
21:54:04:070 - Navigate to Matching
21:54:27:703 - Navigate to Matching
21:54:31:124 - Navigate to Matching
21:54:35:084 - Navigate to Matching
21:54:35:087 - Projects.Matching - got names input ['Paige', 'Grace', 'Jack', 'Abby', 'Maddie', 'Bella', 'Anna']
21:54:35:088 - Project.Matching - Retrieving secret santa matches
21:54:35:089 - Project.Matching - Retrieved matching
21:54:37:874 - Navigate to Matching
